2025-04-12 07:04:00 | WARN | repo=a4m36jee-2014 | action=commit
2025-01-04 20:57:00 | INFO | repo=a4m36jee-2014 | action=commit
2025-12-09 13:57:00 | WARN | repo=a4m36jee-2014 | action=commit
2025-01-26 10:54:00 | DEBUG | repo=a4m36jee-2014 | action=commit
2025-05-02 08:58:00 | INFO | repo=a4m36jee-2014 | action=commit
2025-02-20 18:10:00 | INFO | repo=a4m36jee-2014 | action=commit
2025-02-25 09:24:00 | DEBUG | repo=a4m36jee-2014 | action=commit
2025-07-13 19:10:00 | WARN | repo=a4m36jee-2014 | action=commit
2025-02-16 08:25:00 | INFO | repo=a4m36jee-2014 | action=commit
2025-08-18 15:33:00 | INFO | repo=a4m36jee-2014 | action=commit
2025-07-17 07:30:00 | WARN | repo=a4m36jee-2014 | action=commit
2025-04-22 18:41:00 | INFO | repo=a4m36jee-2014 | action=commit
2025-07-25 07:25:00 | INFO | repo=a4m36jee-2014 | action=commit
2025-12-09 15:05:00 | WARN | repo=a4m36jee-2014 | action=edit | files=5
2025-09-23 11:55:00 | WARN | repo=a4m36jee-2014 | action=commit
2025-07-03 19:16:00 | WARN | repo=a4m36jee-2014 | action=commit
2025-08-16 21:59:00 | DEBUG | repo=a4m36jee-2014 | action=commit
2025-08-25 07:55:00 | DEBUG | repo=a4m36jee-2014 | action=test | passed=true
2025-10-03 19:23:00 | WARN | repo=a4m36jee-2014 | action=commit
2025-01-02 09:31:00 | WARN | repo=a4m36jee-2014 | action=commit
2025-08-11 19:02:00 | WARN | repo=a4m36jee-2014 | action=pull
2025-05-28 10:23:00 | INFO | repo=a4m36jee-2014 | action=edit | files=1
2025-05-22 09:12:00 | INFO | repo=a4m36jee-2014 | action=edit | files=2
2025-10-06 16:27:00 | DEBUG | repo=a4m36jee-2014 | action=commit
2025-09-17 19:58:00 | INFO | repo=a4m36jee-2014 | action=edit | files=2
2025-05-13 18:06:00 | WARN | repo=a4m36jee-2014 | action=pull
2025-12-26 20:18:00 | DEBUG | repo=a4m36jee-2014 | action=commit
2025-10-04 19:40:00 | INFO | repo=a4m36jee-2014 | action=edit | files=2
2025-05-05 07:49:00 | WARN | repo=a4m36jee-2014 | action=edit | files=2
2025-10-16 11:46:00 | INFO | repo=a4m36jee-2014 | action=pull
2025-04-08 11:42:00 | WARN | repo=a4m36jee-2014 | action=test | passed=true
2025-10-01 21:29:00 | INFO | repo=a4m36jee-2014 | action=edit | files=5
2025-04-09 10:29:00 | INFO | repo=a4m36jee-2014 | action=test | passed=true
2025-01-24 08:44:00 | DEBUG | repo=a4m36jee-2014 | action=pull
2025-02-14 15:29:00 | DEBUG | repo=a4m36jee-2014 | action=commit
2025-01-25 17:12:00 | WARN | repo=a4m36jee-2014 | action=commit
2025-05-23 15:46:00 | WARN | repo=a4m36jee-2014 | action=edit | files=4
2025-12-03 20:29:00 | WARN | repo=a4m36jee-2014 | action=commit
2025-06-28 16:34:00 | INFO | repo=a4m36jee-2014 | action=commit
2025-04-22 10:32:00 | INFO | repo=a4m36jee-2014 | action=commit
